[30/03/2025 20:37:22] info: Logging was started to file.
[30/03/2025 20:37:22] info: Start application inspector initialization
[30/03/2025 20:37:22] info: Hide developer mode UI
[30/03/2025 20:37:22] info: Infrastructure Configurations: {"port":8000,"infrastructureAssemblyFolderPath":"C:\\Users\\kokou\\AppData\\Local\\Application Inspector Analyzer","applicationResourcesFolderPath":"C:\\Users\\kokou\\AppData\\Local\\Application Inspector Analyzer","scanTargetFolderPath":"c:\\Users\\kokou\\Nextcloud3\\soc-lite","isDebugging":false,"logLevel":{"i2_1":"Error","j2_1":5,"type":5,"key":"Settings.LogLevel.Error.Text"},"logDir":"c:\\Users\\kokou\\Nextcloud3\\soc-lite\\.ai\\Logs\\Infrastructure\\2025-03-30-20-37-22","tipsFoundNotificationThreshold":1000,"similarIssuesFoundNotificationThreshold":1000,"applicationLocalDataFolderPath":"c:\\Users\\kokou\\Nextcloud3\\soc-lite\\.ai"}
[30/03/2025 20:37:22] info: Start infrastructure initialization
[30/03/2025 20:37:23] info: Infrastructure was started
[30/03/2025 20:37:28] info: Initialize aie integration isn't initialized
[30/03/2025 20:37:28] info: Infrastructure was initialized
[30/03/2025 20:37:28] info: Infrastructure Installer was deleted
[30/03/2025 20:37:29] warn: Localization 1036 was not found for apache mod_negotiation resource location disclosure
[30/03/2025 20:37:29] warn: Localization 1036 was not found for arbitrary directory copying
[30/03/2025 20:37:29] warn: Localization 1036 was not found for arbitrary directory creation
[30/03/2025 20:37:29] warn: Localization 1036 was not found for arbitrary directory deletion
[30/03/2025 20:37:29] warn: Localization 1036 was not found for arbitrary directory listing
[30/03/2025 20:37:29] warn: Localization 1036 was not found for arbitrary directory moving
[30/03/2025 20:37:29] warn: Localization 1036 was not found for arbitrary file copying
[30/03/2025 20:37:29] warn: Localization 1036 was not found for arbitrary file creation
[30/03/2025 20:37:29] warn: Localization 1036 was not found for arbitrary file deletion
[30/03/2025 20:37:29] warn: Localization 1036 was not found for arbitrary file modification
[30/03/2025 20:37:29] warn: Localization 1036 was not found for arbitrary file moving
[30/03/2025 20:37:29] warn: Localization 1036 was not found for arbitrary file reading
[30/03/2025 20:37:29] warn: Localization 1036 was not found for cookie injection
[30/03/2025 20:37:29] warn: Localization 1036 was not found for credentials brute-force
[30/03/2025 20:37:29] warn: Localization 1036 was not found for cross-site request forgery
[30/03/2025 20:37:29] warn: Localization 1036 was not found for cross-site scripting
[30/03/2025 20:37:29] warn: Localization 1036 was not found for cursor injection
[30/03/2025 20:37:29] warn: Localization 1036 was not found for cursor sqli
[30/03/2025 20:37:29] warn: Localization 1036 was not found for default
[30/03/2025 20:37:29] warn: Localization 1036 was not found for denial of service
[30/03/2025 20:37:29] warn: Localization 1036 was not found for deserialization of untrusted data
[30/03/2025 20:37:29] warn: Localization 1036 was not found for df
[30/03/2025 20:37:29] warn: Localization 1036 was not found for djangoorminjection
[30/03/2025 20:37:29] warn: Localization 1036 was not found for dll injection
[30/03/2025 20:37:29] warn: Localization 1036 was not found for double free
[30/03/2025 20:37:29] warn: Localization 1036 was not found for dynamic code injection
[30/03/2025 20:37:29] warn: Localization 1036 was not found for dynamic query injection
[30/03/2025 20:37:29] warn: Localization 1036 was not found for external control of configuration
[30/03/2025 20:37:29] warn: Localization 1036 was not found for fingerprinting
[30/03/2025 20:37:29] warn: Localization 1036 was not found for format string
[30/03/2025 20:37:29] warn: Localization 1036 was not found for hardcoded password
[30/03/2025 20:37:29] warn: Localization 1036 was not found for heap overflow
[30/03/2025 20:37:29] warn: Localization 1036 was not found for http header injection
[30/03/2025 20:37:29] warn: Localization 1036 was not found for http request splitting
[30/03/2025 20:37:29] warn: Localization 1036 was not found for http response splitting
[30/03/2025 20:37:29] warn: Localization 1036 was not found for improper access control taint
[30/03/2025 20:37:29] warn: Localization 1036 was not found for improper resource shutdown or release
[30/03/2025 20:37:29] warn: Localization 1036 was not found for information exposure
[30/03/2025 20:37:29] warn: Localization 1036 was not found for injection
[30/03/2025 20:37:29] warn: Localization 1036 was not found for insecure direct object references
[30/03/2025 20:37:29] warn: Localization 1036 was not found for insufficient session expiration
[30/03/2025 20:37:29] warn: Localization 1036 was not found for integer overflow
[30/03/2025 20:37:29] warn: Localization 1036 was not found for ldap injection
[30/03/2025 20:37:29] warn: Localization 1036 was not found for like injection
[30/03/2025 20:37:29] warn: Localization 1036 was not found for linq injection
[30/03/2025 20:37:29] warn: Localization 1036 was not found for local file inclusion
[30/03/2025 20:37:29] warn: Localization 1036 was not found for log forging
[30/03/2025 20:37:29] warn: Localization 1036 was not found for nosql injection
[30/03/2025 20:37:29] warn: Localization 1036 was not found for null dereference
[30/03/2025 20:37:29] warn: Localization 1036 was not found for object injection
[30/03/2025 20:37:29] warn: Localization 1036 was not found for open redirect
[30/03/2025 20:37:29] warn: Localization 1036 was not found for orm injection
[30/03/2025 20:37:29] warn: Localization 1036 was not found for os commanding
[30/03/2025 20:37:29] warn: Localization 1036 was not found for padding oracle attack
[30/03/2025 20:37:29] warn: Localization 1036 was not found for path traversal
[30/03/2025 20:37:29] warn: Localization 1036 was not found for persistent cookie exposing
[30/03/2025 20:37:29] warn: Localization 1036 was not found for potential path traversal
[30/03/2025 20:37:29] warn: Localization 1036 was not found for process control
[30/03/2025 20:37:29] warn: Localization 1036 was not found for redos
[30/03/2025 20:37:29] warn: Localization 1036 was not found for remote code execution
[30/03/2025 20:37:29] warn: Localization 1036 was not found for remote file inclusion
[30/03/2025 20:37:29] warn: Localization 1036 was not found for resource exhaustion
[30/03/2025 20:37:29] warn: Localization 1036 was not found for resource location brute-force
[30/03/2025 20:37:29] warn: Localization 1036 was not found for server-side request forgery
[30/03/2025 20:37:29] warn: Localization 1036 was not found for server-side template injection
[30/03/2025 20:37:29] warn: Localization 1036 was not found for serverfingerprinting
[30/03/2025 20:37:29] warn: Localization 1036 was not found for session management weakness
[30/03/2025 20:37:29] warn: Localization 1036 was not found for shellshock
[30/03/2025 20:37:29] warn: Localization 1036 was not found for smtp header injection
[30/03/2025 20:37:29] warn: Localization 1036 was not found for sql injection
[30/03/2025 20:37:29] warn: Localization 1036 was not found for sqli
[30/03/2025 20:37:29] warn: Localization 1036 was not found for stack overflow
[30/03/2025 20:37:29] warn: Localization 1036 was not found for uaf
[30/03/2025 20:37:29] warn: Localization 1036 was not found for uncontrolled data manipulation
[30/03/2025 20:37:29] warn: Localization 1036 was not found for uncontrolled env var modification
[30/03/2025 20:37:29] warn: Localization 1036 was not found for unrestricted file upload
[30/03/2025 20:37:29] warn: Localization 1036 was not found for use after free
[30/03/2025 20:37:29] warn: Localization 1036 was not found for webview xss taint
[30/03/2025 20:37:29] warn: Localization 1036 was not found for xml entity expansion
[30/03/2025 20:37:29] warn: Localization 1036 was not found for xml external entity
[30/03/2025 20:37:29] warn: Localization 1036 was not found for xpath injection
[30/03/2025 20:37:29] warn: Localization 1036 was not found for xquery injection
[30/03/2025 20:37:29] warn: Localization 1036 was not found for 100
[30/03/2025 20:37:29] warn: Localization 1036 was not found for 101
[30/03/2025 20:37:29] warn: Localization 1036 was not found for 102
[30/03/2025 20:37:29] warn: Localization 1036 was not found for 103
[30/03/2025 20:37:29] warn: Localization 1036 was not found for 104
[30/03/2025 20:37:29] warn: Localization 1036 was not found for 105
[30/03/2025 20:37:29] warn: Localization 1036 was not found for 107
[30/03/2025 20:37:29] warn: Localization 1036 was not found for 108
[30/03/2025 20:37:29] warn: Localization 1036 was not found for 109
[30/03/2025 20:37:29] warn: Localization 1036 was not found for 111
[30/03/2025 20:37:29] warn: Localization 1036 was not found for 113
[30/03/2025 20:37:29] warn: Localization 1036 was not found for 114
[30/03/2025 20:37:29] warn: Localization 1036 was not found for 116
[30/03/2025 20:37:29] warn: Localization 1036 was not found for 117
[30/03/2025 20:37:29] warn: Localization 1036 was not found for 118
[30/03/2025 20:37:29] warn: Localization 1036 was not found for 120
[30/03/2025 20:37:29] warn: Localization 1036 was not found for 122
[30/03/2025 20:37:29] warn: Localization 1036 was not found for 123
[30/03/2025 20:37:29] warn: Localization 1036 was not found for 124
[30/03/2025 20:37:29] warn: Localization 1036 was not found for 125
[30/03/2025 20:37:29] warn: Localization 1036 was not found for 127
[30/03/2025 20:37:29] warn: Localization 1036 was not found for 128
[30/03/2025 20:37:29] warn: Localization 1036 was not found for 129
[30/03/2025 20:37:29] warn: Localization 1036 was not found for 130
[30/03/2025 20:37:29] warn: Localization 1036 was not found for 135
[30/03/2025 20:37:29] warn: Localization 1036 was not found for 138
[30/03/2025 20:37:29] warn: Localization 1036 was not found for 139
[30/03/2025 20:37:29] warn: Localization 1036 was not found for 140
[30/03/2025 20:37:29] warn: Localization 1036 was not found for 141
[30/03/2025 20:37:29] warn: Localization 1036 was not found for 142
[30/03/2025 20:37:29] warn: Localization 1036 was not found for 144
[30/03/2025 20:37:29] warn: Localization 1036 was not found for 145
[30/03/2025 20:37:29] warn: Localization 1036 was not found for 146
[30/03/2025 20:37:29] warn: Localization 1036 was not found for 147
[30/03/2025 20:37:29] warn: Localization 1036 was not found for 148
[30/03/2025 20:37:29] warn: Localization 1036 was not found for 149
[30/03/2025 20:37:29] warn: Localization 1036 was not found for 150
[30/03/2025 20:37:29] warn: Localization 1036 was not found for 151
[30/03/2025 20:37:29] warn: Localization 1036 was not found for 152
[30/03/2025 20:37:29] warn: Localization 1036 was not found for 153
[30/03/2025 20:37:29] warn: Localization 1036 was not found for 154
[30/03/2025 20:37:29] warn: Localization 1036 was not found for 156
[30/03/2025 20:37:29] warn: Localization 1036 was not found for 157
[30/03/2025 20:37:29] warn: Localization 1036 was not found for 158
[30/03/2025 20:37:29] warn: Localization 1036 was not found for 159
[30/03/2025 20:37:29] warn: Localization 1036 was not found for 160
[30/03/2025 20:37:29] warn: Localization 1036 was not found for 161
[30/03/2025 20:37:29] warn: Localization 1036 was not found for 162
[30/03/2025 20:37:29] warn: Localization 1036 was not found for 163
[30/03/2025 20:37:29] warn: Localization 1036 was not found for 164
[30/03/2025 20:37:29] warn: Localization 1036 was not found for 165
[30/03/2025 20:37:29] warn: Localization 1036 was not found for 200
[30/03/2025 20:37:29] warn: Localization 1036 was not found for 24544
[30/03/2025 20:37:29] warn: Localization 1036 was not found for 24545
[30/03/2025 20:37:29] warn: Localization 1036 was not found for 24546
[30/03/2025 20:37:29] warn: Localization 1036 was not found for 24547
[30/03/2025 20:37:29] warn: Localization 1036 was not found for 24548
[30/03/2025 20:37:29] warn: Localization 1036 was not found for 24549
[30/03/2025 20:37:29] warn: Localization 1036 was not found for 24550
[30/03/2025 20:37:29] warn: Localization 1036 was not found for 24551
[30/03/2025 20:37:29] warn: Localization 1036 was not found for 24552
[30/03/2025 20:37:29] warn: Localization 1036 was not found for 24553
[30/03/2025 20:37:29] warn: Localization 1036 was not found for 24554
[30/03/2025 20:37:29] warn: Localization 1036 was not found for 24555
[30/03/2025 20:37:29] warn: Localization 1036 was not found for 24556
[30/03/2025 20:37:29] warn: Localization 1036 was not found for 24557
[30/03/2025 20:37:29] warn: Localization 1036 was not found for 24558
[30/03/2025 20:37:29] warn: Localization 1036 was not found for 24559
[30/03/2025 20:37:29] warn: Localization 1036 was not found for 24560
[30/03/2025 20:37:29] warn: Localization 1036 was not found for 24561
[30/03/2025 20:37:29] warn: Localization 1036 was not found for 24562
[30/03/2025 20:37:29] warn: Localization 1036 was not found for 24563
[30/03/2025 20:37:29] warn: Localization 1036 was not found for 24564
[30/03/2025 20:37:29] warn: Localization 1036 was not found for 24565
[30/03/2025 20:37:29] warn: Localization 1036 was not found for 24566
[30/03/2025 20:37:29] warn: Localization 1036 was not found for 24567
[30/03/2025 20:37:29] warn: Localization 1036 was not found for 24568
[30/03/2025 20:37:29] warn: Localization 1036 was not found for 305
[30/03/2025 20:37:29] warn: Localization 1036 was not found for 96
[30/03/2025 20:37:29] warn: Localization 1036 was not found for 97
[30/03/2025 20:37:29] warn: Localization 1036 was not found for 98
[30/03/2025 20:37:29] warn: Localization 1036 was not found for 99
[30/03/2025 20:37:29] warn: Localization 1036 was not found for attributes code inside addeventlistener
[30/03/2025 20:37:29] warn: Localization 1036 was not found for attributes code inside attachevent
[30/03/2025 20:37:29] warn: Localization 1036 was not found for attributes code inside createattribute
[30/03/2025 20:37:29] warn: Localization 1036 was not found for attributes code inside element event
[30/03/2025 20:37:29] warn: Localization 1036 was not found for attributes code inside setattribute
[30/03/2025 20:37:29] warn: Localization 1036 was not found for attributes code inside setattributens
[30/03/2025 20:37:29] warn: Localization 1036 was not found for buffer overflow
[30/03/2025 20:37:29] warn: Localization 1036 was not found for buffer overflow in python
[30/03/2025 20:37:29] warn: Localization 1036 was not found for buffer overflow pm
[30/03/2025 20:37:29] warn: Localization 1036 was not found for class defines clone but not implement cloneable
[30/03/2025 20:37:29] warn: Localization 1036 was not found for csrf protection disabled
[30/03/2025 20:37:29] warn: Localization 1036 was not found for cursor snarfing plsql
[30/03/2025 20:37:29] warn: Localization 1036 was not found for cursor snarfing tsql
[30/03/2025 20:37:29] warn: Localization 1036 was not found for dangerous function plsql
[30/03/2025 20:37:29] warn: Localization 1036 was not found for dangerous function tsql
[30/03/2025 20:37:29] warn: Localization 1036 was not found for debug information leakage
[30/03/2025 20:37:29] warn: Localization 1036 was not found for debug mode python
[30/03/2025 20:37:29] warn: Localization 1036 was not found for deprecated functions objc
[30/03/2025 20:37:29] warn: Localization 1036 was not found for deserialization of untrusted data pm
[30/03/2025 20:37:29] warn: Localization 1036 was not found for deserialization of untrusted data pm python
[30/03/2025 20:37:29] warn: Localization 1036 was not found for detection of error condition without action
[30/03/2025 20:37:29] warn: Localization 1036 was not found for direct use of threads
[30/03/2025 20:37:29] warn: Localization 1036 was not found for directorytraversalcreatereadstream
[30/03/2025 20:37:29] warn: Localization 1036 was not found for directorytraversalreadfile
[30/03/2025 20:37:29] warn: Localization 1036 was not found for disabling ssl certificate checks
[30/03/2025 20:37:29] warn: Localization 1036 was not found for disabling ssl certificate checks c
[30/03/2025 20:37:29] warn: Localization 1036 was not found for disabling ssl-tls certificate checks go
[30/03/2025 20:37:29] warn: Localization 1036 was not found for divide by zero
[30/03/2025 20:37:29] warn: Localization 1036 was not found for dom modification contextual fragment
[30/03/2025 20:37:29] warn: Localization 1036 was not found for dom modification html tag
[30/03/2025 20:37:29] warn: Localization 1036 was not found for dom modification selected position
[30/03/2025 20:37:29] warn: Localization 1036 was not found for dom modification string inside document
[30/03/2025 20:37:29] warn: Localization 1036 was not found for download of code without integrity check
[30/03/2025 20:37:29] warn: Localization 1036 was not found for embedded malicious code
[30/03/2025 20:37:29] warn: Localization 1036 was not found for empty default exception handler
[30/03/2025 20:37:29] warn: Localization 1036 was not found for erroneous null comparison
[30/03/2025 20:37:29] warn: Localization 1036 was not found for exposure of data element to wrong session
[30/03/2025 20:37:29] warn: Localization 1036 was not found for exposure of system data to an unauthorized control sphere
[30/03/2025 20:37:29] warn: Localization 1036 was not found for external control of file name or path
[30/03/2025 20:37:29] warn: Localization 1036 was not found for file snarfing plsql
[30/03/2025 20:37:29] warn: Localization 1036 was not found for format string pm
[30/03/2025 20:37:29] warn: Localization 1036 was not found for forwarding via location
[30/03/2025 20:37:29] warn: Localization 1036 was not found for forwarding via location function
[30/03/2025 20:37:29] warn: Localization 1036 was not found for forwarding via opening new tab
[30/03/2025 20:37:29] warn: Localization 1036 was not found for ftpusage
[30/03/2025 20:37:29] warn: Localization 1036 was not found for go weak cryptographic hash
[30/03/2025 20:37:29] warn: Localization 1036 was not found for hardcoded initialization vector
[30/03/2025 20:37:29] warn: Localization 1036 was not found for hardcoded key
[30/03/2025 20:37:29] warn: Localization 1036 was not found for hardcoded password kotlin
[30/03/2025 20:37:29] warn: Localization 1036 was not found for hardcoded password pm
[30/03/2025 20:37:29] warn: Localization 1036 was not found for hardcoded pbkdf password
[30/03/2025 20:37:29] warn: Localization 1036 was not found for headerinjection
[30/03/2025 20:37:29] warn: Localization 1036 was not found for improper access control
[30/03/2025 20:37:29] warn: Localization 1036 was not found for improper access control c
[30/03/2025 20:37:29] warn: Localization 1036 was not found for improper certificate validation
[30/03/2025 20:37:29] warn: Localization 1036 was not found for improper check for unusual or exceptional conditions
[30/03/2025 20:37:29] warn: Localization 1036 was not found for improperly implemented security check for standard
[30/03/2025 20:37:29] warn: Localization 1036 was not found for include interface ssl
[30/03/2025 20:37:29] warn: Localization 1036 was not found for incorrect permission assignment for critical resource
[30/03/2025 20:37:29] warn: Localization 1036 was not found for incorrect permission assignment for critical resource 1
[30/03/2025 20:37:29] warn: Localization 1036 was not found for incorrect permission assignment for critical resource go
[30/03/2025 20:37:29] warn: Localization 1036 was not found for incorrect permission assignment for critical resource java
[30/03/2025 20:37:29] warn: Localization 1036 was not found for incorrect unix api using
[30/03/2025 20:37:29] warn: Localization 1036 was not found for incorrect usage of seeds in pseudo-random number generator
[30/03/2025 20:37:29] warn: Localization 1036 was not found for incorrectpermissionassignmentphp
[30/03/2025 20:37:29] warn: Localization 1036 was not found for information exposure pm
[30/03/2025 20:37:29] warn: Localization 1036 was not found for information exposure through an error message
[30/03/2025 20:37:29] warn: Localization 1036 was not found for information exposure through comments
[30/03/2025 20:37:29] warn: Localization 1036 was not found for information exposure through persistent cookies
[30/03/2025 20:37:29] warn: Localization 1036 was not found for information exposure through persistent cookies 1
[30/03/2025 20:37:29] warn: Localization 1036 was not found for information exposure through static content
[30/03/2025 20:37:29] warn: Localization 1036 was not found for informationexposureviaexception
[30/03/2025 20:37:29] warn: Localization 1036 was not found for insecure cipher key export
[30/03/2025 20:37:29] warn: Localization 1036 was not found for insecure connection protocol
[30/03/2025 20:37:29] warn: Localization 1036 was not found for insecure cookie 1
[30/03/2025 20:37:29] warn: Localization 1036 was not found for insecure cookie 2
[30/03/2025 20:37:29] warn: Localization 1036 was not found for insecure cookie scope
[30/03/2025 20:37:29] warn: Localization 1036 was not found for insecure data storage
[30/03/2025 20:37:29] warn: Localization 1036 was not found for insecure data storage objc simple
[30/03/2025 20:37:29] warn: Localization 1036 was not found for insecure network binding
[30/03/2025 20:37:29] warn: Localization 1036 was not found for insecure randomness ojbc
[30/03/2025 20:37:29] warn: Localization 1036 was not found for insecure randomness plsql
[30/03/2025 20:37:29] warn: Localization 1036 was not found for insecure randomness tsql
[30/03/2025 20:37:29] warn: Localization 1036 was not found for insecure rsa padding
[30/03/2025 20:37:29] warn: Localization 1036 was not found for insecure rsa padding 1
[30/03/2025 20:37:29] warn: Localization 1036 was not found for insecure ssl connection
[30/03/2025 20:37:29] warn: Localization 1036 was not found for insecure ssl connection 1
[30/03/2025 20:37:29] warn: Localization 1036 was not found for insecure ssl protocol
[30/03/2025 20:37:29] warn: Localization 1036 was not found for insecure transport java
[30/03/2025 20:37:29] warn: Localization 1036 was not found for insecure usage of jinja templates
[30/03/2025 20:37:29] warn: Localization 1036 was not found for insecure usage of mako templates
[30/03/2025 20:37:29] warn: Localization 1036 was not found for insecure validation functions
[30/03/2025 20:37:29] warn: Localization 1036 was not found for insecure validation functions 1
[30/03/2025 20:37:29] warn: Localization 1036 was not found for insecure work with temporary files
[30/03/2025 20:37:29] warn: Localization 1036 was not found for insecureevalpython
[30/03/2025 20:37:29] warn: Localization 1036 was not found for insufficient cors policy
[30/03/2025 20:37:29] warn: Localization 1036 was not found for insufficient encryption key length
[30/03/2025 20:37:29] warn: Localization 1036 was not found for insufficient encryption key length 1
[30/03/2025 20:37:29] warn: Localization 1036 was not found for insufficient key size go
[30/03/2025 20:37:29] warn: Localization 1036 was not found for insufficient logging&monitoring
[30/03/2025 20:37:29] warn: Localization 1036 was not found for insufficient session expiration pm
[30/03/2025 20:37:29] warn: Localization 1036 was not found for insufficientencryptionkeylength
[30/03/2025 20:37:29] warn: Localization 1036 was not found for integer overflow pm
[30/03/2025 20:37:29] warn: Localization 1036 was not found for jquery function that adds element
[30/03/2025 20:37:29] warn: Localization 1036 was not found for jquery function that replaces element
[30/03/2025 20:37:29] warn: Localization 1036 was not found for jquery html inside dom
[30/03/2025 20:37:29] warn: Localization 1036 was not found for jquery unsafe functions for dom
[30/03/2025 20:37:29] warn: Localization 1036 was not found for jquery wrap element to html
[30/03/2025 20:37:29] warn: Localization 1036 was not found for json-test
[30/03/2025 20:37:29] warn: Localization 1036 was not found for lack of the host key verification go
[30/03/2025 20:37:29] warn: Localization 1036 was not found for least privilege violation
[30/03/2025 20:37:29] warn: Localization 1036 was not found for leftover debug code
[30/03/2025 20:37:29] warn: Localization 1036 was not found for marksafepython
[30/03/2025 20:37:29] warn: Localization 1036 was not found for memory leak
[30/03/2025 20:37:29] warn: Localization 1036 was not found for method without super clone
[30/03/2025 20:37:29] warn: Localization 1036 was not found for method without super finalize
[30/03/2025 20:37:29] warn: Localization 1036 was not found for missing auth localized reason
[30/03/2025 20:37:29] warn: Localization 1036 was not found for missing encryption of sensitive data
[30/03/2025 20:37:29] warn: Localization 1036 was not found for none
[30/03/2025 20:37:29] warn: Localization 1036 was not found for notlsreject
[30/03/2025 20:37:29] warn: Localization 1036 was not found for nslog using
[30/03/2025 20:37:29] warn: Localization 1036 was not found for null dereference pattern
[30/03/2025 20:37:29] warn: Localization 1036 was not found for null pbkdf password
[30/03/2025 20:37:29] warn: Localization 1036 was not found for obsolete function
[30/03/2025 20:37:29] warn: Localization 1036 was not found for openredirect
[30/03/2025 20:37:29] warn: Localization 1036 was not found for overly broad grant
[30/03/2025 20:37:29] warn: Localization 1036 was not found for override equals method without hashcode
[30/03/2025 20:37:29] warn: Localization 1036 was not found for pattern matching
[30/03/2025 20:37:29] warn: Localization 1036 was not found for php pm sensitive cookie in https session without ‘secure’ attribute
[30/03/2025 20:37:29] warn: Localization 1036 was not found for plaintext storage of a password
[30/03/2025 20:37:29] warn: Localization 1036 was not found for plaintext storage of a password 1
[30/03/2025 20:37:29] warn: Localization 1036 was not found for play 1 html xss
[30/03/2025 20:37:29] warn: Localization 1036 was not found for play 2 html xss
[30/03/2025 20:37:29] warn: Localization 1036 was not found for poor logging practice logger
[30/03/2025 20:37:29] warn: Localization 1036 was not found for poor logging practice system
[30/03/2025 20:37:29] warn: Localization 1036 was not found for possible rce through sql injection
[30/03/2025 20:37:29] warn: Localization 1036 was not found for private array typed field returned from a public method
[30/03/2025 20:37:29] warn: Localization 1036 was not found for public data assigned to private array typed field
[30/03/2025 20:37:29] warn: Localization 1036 was not found for python weak cryptographic hash
[30/03/2025 20:37:29] warn: Localization 1036 was not found for python2input
[30/03/2025 20:37:29] warn: Localization 1036 was not found for pythonassertion
[30/03/2025 20:37:29] warn: Localization 1036 was not found for reflectedcrosssitescripting
[30/03/2025 20:37:29] warn: Localization 1036 was not found for reliance on dns lookups in a security decision
[30/03/2025 20:37:29] warn: Localization 1036 was not found for return of stack variable address
[30/03/2025 20:37:29] warn: Localization 1036 was not found for reversible one way hash
[30/03/2025 20:37:29] warn: Localization 1036 was not found for sensitive cookie in https session without ‘secure’ attribute
[30/03/2025 20:37:29] warn: Localization 1036 was not found for sensitive cookie in https session without httponly attribute
[30/03/2025 20:37:29] warn: Localization 1036 was not found for sensitive cookie in https session without secure attribute
[30/03/2025 20:37:29] warn: Localization 1036 was not found for serversideinjectioneval
[30/03/2025 20:37:29] warn: Localization 1036 was not found for serversideinjectionfunction
[30/03/2025 20:37:29] warn: Localization 1036 was not found for serversideinjectionsetinterval
[30/03/2025 20:37:29] warn: Localization 1036 was not found for serversideinjectionsettimeout
[30/03/2025 20:37:29] warn: Localization 1036 was not found for serversideinjectionyaml
[30/03/2025 20:37:29] warn: Localization 1036 was not found for ssl configuration flaws
[30/03/2025 20:37:29] warn: Localization 1036 was not found for static random number generator
[30/03/2025 20:37:29] warn: Localization 1036 was not found for time of check time of use race condition
[30/03/2025 20:37:29] warn: Localization 1036 was not found for trust boundary violation
[30/03/2025 20:37:29] warn: Localization 1036 was not found for type confusion
[30/03/2025 20:37:29] warn: Localization 1036 was not found for uncontrolled memory allocation
[30/03/2025 20:37:29] warn: Localization 1036 was not found for uncontrolled recursion
[30/03/2025 20:37:29] warn: Localization 1036 was not found for unreachable code
[30/03/2025 20:37:29] warn: Localization 1036 was not found for unsafe cross-origin resource sharing
[30/03/2025 20:37:29] warn: Localization 1036 was not found for unsafe reflection
[30/03/2025 20:37:29] warn: Localization 1036 was not found for unsalted one way hash
[30/03/2025 20:37:29] warn: Localization 1036 was not found for unsalted one way hash 1
[30/03/2025 20:37:29] warn: Localization 1036 was not found for unsaltedonewayhash
[30/03/2025 20:37:29] warn: Localization 1036 was not found for unused var
[30/03/2025 20:37:29] warn: Localization 1036 was not found for urllibusagepython
[30/03/2025 20:37:29] warn: Localization 1036 was not found for use broken crypto
[30/03/2025 20:37:29] warn: Localization 1036 was not found for use of a broken or risky cryptographic algorithm
[30/03/2025 20:37:29] warn: Localization 1036 was not found for use of a broken or risky cryptographic algorithm 1
[30/03/2025 20:37:29] warn: Localization 1036 was not found for use of a broken or risky cryptographic algorithm 2
[30/03/2025 20:37:29] warn: Localization 1036 was not found for use of a broken or risky cryptographic algorithm 3
[30/03/2025 20:37:29] warn: Localization 1036 was not found for use of a broken or risky cryptographic algorithm 4
[30/03/2025 20:37:29] warn: Localization 1036 was not found for use of a broken or risky cryptographic algorithm 5
[30/03/2025 20:37:29] warn: Localization 1036 was not found for use of a broken or risky cryptographic algorithm 6
[30/03/2025 20:37:29] warn: Localization 1036 was not found for use of a broken or risky cryptographic algorithm go
[30/03/2025 20:37:29] warn: Localization 1036 was not found for use of function with inconsistent implementations
[30/03/2025 20:37:29] warn: Localization 1036 was not found for use of hardcoded cryptographic key
[30/03/2025 20:37:29] warn: Localization 1036 was not found for use of insufficiently random values
[30/03/2025 20:37:29] warn: Localization 1036 was not found for use of insufficiently random values 1
[30/03/2025 20:37:29] warn: Localization 1036 was not found for use of insufficiently random values 2
[30/03/2025 20:37:29] warn: Localization 1036 was not found for use of nullpointerexception catch
[30/03/2025 20:37:29] warn: Localization 1036 was not found for use of obsolete function 1
[30/03/2025 20:37:29] warn: Localization 1036 was not found for use of system exit
[30/03/2025 20:37:29] warn: Localization 1036 was not found for use of uninitialized variable
[30/03/2025 20:37:29] warn: Localization 1036 was not found for user driven insecure hash algorithm
[30/03/2025 20:37:29] warn: Localization 1036 was not found for user driven insecure hash algorithm 1
[30/03/2025 20:37:29] warn: Localization 1036 was not found for vulnerable template module
[30/03/2025 20:37:29] warn: Localization 1036 was not found for weak crypto api objc
[30/03/2025 20:37:29] warn: Localization 1036 was not found for weak crypto hash api objc
[30/03/2025 20:37:29] warn: Localization 1036 was not found for weak crypto iv objc
[30/03/2025 20:37:29] warn: Localization 1036 was not found for weak crypto key objc
[30/03/2025 20:37:29] warn: Localization 1036 was not found for weak cryptographic algorithm 1
[30/03/2025 20:37:29] warn: Localization 1036 was not found for weak cryptographic hash
[30/03/2025 20:37:29] warn: Localization 1036 was not found for weak cryptographic hash plsql
[30/03/2025 20:37:29] warn: Localization 1036 was not found for weak cryptographic hash tsql
[30/03/2025 20:37:29] warn: Localization 1036 was not found for weak hmac key objc
[30/03/2025 20:37:29] warn: Localization 1036 was not found for weak password requirements
[30/03/2025 20:37:29] warn: Localization 1036 was not found for weak pbkdf salt
[30/03/2025 20:37:29] warn: Localization 1036 was not found for weak rsa objc
[30/03/2025 20:37:29] warn: Localization 1036 was not found for weakhashcrypto
[30/03/2025 20:37:29] warn: Localization 1036 was not found for weakhashcryptojs
[30/03/2025 20:37:29] warn: Localization 1036 was not found for webforms validaterequest
[30/03/2025 20:37:29] warn: Localization 1036 was not found for webview xss
[30/03/2025 20:37:29] warn: Localization 1036 was not found for xml external entity pm
[30/03/2025 20:37:29] warn: Localization 1036 was not found for xss protection disabled
[30/03/2025 20:37:29] warn: Localization 1036 was not found for yaml load
[30/03/2025 20:37:29] warn: Localization 1036 was not found for .htaccess addhandler
[30/03/2025 20:37:29] warn: Localization 1036 was not found for .htaccess addtype
[30/03/2025 20:37:29] warn: Localization 1036 was not found for .htaccess options
[30/03/2025 20:37:29] warn: Localization 1036 was not found for .htaccess php_value
[30/03/2025 20:37:29] warn: Localization 1036 was not found for .htaccess serversignature
[30/03/2025 20:37:29] warn: Localization 1036 was not found for android_manifest.xml @android:allowbackup
[30/03/2025 20:37:29] warn: Localization 1036 was not found for android_manifest.xml @android:debuggable
[30/03/2025 20:37:29] warn: Localization 1036 was not found for android_manifest.xml @android:exported
[30/03/2025 20:37:29] warn: Localization 1036 was not found for android_manifest.xml @android:exported[provider]
[30/03/2025 20:37:29] warn: Localization 1036 was not found for android_manifest.xml @android:protectionlevel
[30/03/2025 20:37:29] warn: Localization 1036 was not found for android_manifest.xml @android:scheme
[30/03/2025 20:37:29] warn: Localization 1036 was not found for android_networksecurityconfig.xml @src
[30/03/2025 20:37:29] warn: Localization 1036 was not found for apache.conf addhandler
[30/03/2025 20:37:29] warn: Localization 1036 was not found for apache.conf addtype
[30/03/2025 20:37:29] warn: Localization 1036 was not found for apache.conf loadmodule
[30/03/2025 20:37:29] warn: Localization 1036 was not found for apache.conf options
[30/03/2025 20:37:29] warn: Localization 1036 was not found for apache.conf php_value
[30/03/2025 20:37:29] warn: Localization 1036 was not found for apache.conf serversignature
[30/03/2025 20:37:29] warn: Localization 1036 was not found for apache.conf servertokens
[30/03/2025 20:37:29] warn: Localization 1036 was not found for apache.conf traceenable
[30/03/2025 20:37:29] warn: Localization 1036 was not found for applicationhost.config @accesspolicy
[30/03/2025 20:37:29] warn: Localization 1036 was not found for applicationhost.config @notlistedisapisallowed
[30/03/2025 20:37:29] warn: Localization 1036 was not found for applicationhost.config @username
[30/03/2025 20:37:29] warn: Localization 1036 was not found for conf arbitrary file upload file_uploads
[30/03/2025 20:37:29] warn: Localization 1036 was not found for conf cross site scripting vulnerability http-only
[30/03/2025 20:37:29] warn: Localization 1036 was not found for conf cross site scripting vulnerability httponlycookies
[30/03/2025 20:37:29] warn: Localization 1036 was not found for conf cross site scripting vulnerability register_globals
[30/03/2025 20:37:29] warn: Localization 1036 was not found for conf cross site scripting vulnerability session.cookie_httponly
[30/03/2025 20:37:29] warn: Localization 1036 was not found for conf cross site scripting vulnerability traceenable
[30/03/2025 20:37:29] warn: Localization 1036 was not found for conf cross site scripting vulnerability validaterequest
[30/03/2025 20:37:29] warn: Localization 1036 was not found for conf denial of service loadmodule security2_module
[30/03/2025 20:37:29] warn: Localization 1036 was not found for conf denial of service max_execution_time
[30/03/2025 20:37:29] warn: Localization 1036 was not found for conf denial of service max_input_nesting_level
[30/03/2025 20:37:29] warn: Localization 1036 was not found for conf denial of service max_input_time
[30/03/2025 20:37:29] warn: Localization 1036 was not found for conf denial of service memory_limit
[30/03/2025 20:37:29] warn: Localization 1036 was not found for conf denial of service post_max_size
[30/03/2025 20:37:29] warn: Localization 1036 was not found for conf denial of service upload_max_filesize
[30/03/2025 20:37:29] warn: Localization 1036 was not found for conf directory indexing autoindex
[30/03/2025 20:37:29] warn: Localization 1036 was not found for conf directory indexing loadmodule autoindex_module
[30/03/2025 20:37:29] warn: Localization 1036 was not found for conf directory indexing options
[30/03/2025 20:37:29] warn: Localization 1036 was not found for conf directory indexing ssi
[30/03/2025 20:37:29] warn: Localization 1036 was not found for conf information leakage curl.cainfo
[30/03/2025 20:37:29] warn: Localization 1036 was not found for conf information leakage debug
[30/03/2025 20:37:29] warn: Localization 1036 was not found for conf information leakage display_errors
[30/03/2025 20:37:29] warn: Localization 1036 was not found for conf information leakage display_startup_errors
[30/03/2025 20:37:29] warn: Localization 1036 was not found for conf information leakage error-code
[30/03/2025 20:37:29] warn: Localization 1036 was not found for conf information leakage errordocument
[30/03/2025 20:37:29] warn: Localization 1036 was not found for conf information leakage expose_php
[30/03/2025 20:37:29] warn: Localization 1036 was not found for conf information leakage loadmodule include_module
[30/03/2025 20:37:29] warn: Localization 1036 was not found for conf information leakage loadmodule info_module
[30/03/2025 20:37:29] warn: Localization 1036 was not found for conf information leakage loadmodule negotiation_module
[30/03/2025 20:37:29] warn: Localization 1036 was not found for conf information leakage mode
[30/03/2025 20:37:29] warn: Localization 1036 was not found for conf information leakage param-name
[30/03/2025 20:37:29] warn: Localization 1036 was not found for conf information leakage param-name-xsrf
[30/03/2025 20:37:29] warn: Localization 1036 was not found for conf information leakage request_order
[30/03/2025 20:37:29] warn: Localization 1036 was not found for conf information leakage server_tokens
[30/03/2025 20:37:29] warn: Localization 1036 was not found for conf information leakage serversignature
[30/03/2025 20:37:29] warn: Localization 1036 was not found for conf information leakage servertokens
[30/03/2025 20:37:29] warn: Localization 1036 was not found for conf information leakage statuscode
[30/03/2025 20:37:29] warn: Localization 1036 was not found for conf information leakage value
[30/03/2025 20:37:29] warn: Localization 1036 was not found for conf insufficient authentication enableviewstatemac
[30/03/2025 20:37:29] warn: Localization 1036 was not found for conf insufficient session expiration session-timeout
[30/03/2025 20:37:29] warn: Localization 1036 was not found for conf insufficient transport layer protection requiressl
[30/03/2025 20:37:29] warn: Localization 1036 was not found for conf insufficient transport layer protection secure
[30/03/2025 20:37:29] warn: Localization 1036 was not found for conf insufficient transport layer protection transport-guarantee
[30/03/2025 20:37:29] warn: Localization 1036 was not found for conf obsolete option safe_mode
[30/03/2025 20:37:29] warn: Localization 1036 was not found for conf obsolete option safe_mode_exec_dir
[30/03/2025 20:37:29] warn: Localization 1036 was not found for conf obsolete option safe_mode_gid
[30/03/2025 20:37:29] warn: Localization 1036 was not found for conf obsolete option safe_mode_include_dir
[30/03/2025 20:37:29] warn: Localization 1036 was not found for conf path traversal vulnerability open_basedir
[30/03/2025 20:37:29] warn: Localization 1036 was not found for conf remote code execution addhandler
[30/03/2025 20:37:29] warn: Localization 1036 was not found for conf remote code execution addtype
[30/03/2025 20:37:29] warn: Localization 1036 was not found for conf remote code execution assert.active
[30/03/2025 20:37:29] warn: Localization 1036 was not found for conf remote code execution auto_append_file
[30/03/2025 20:37:29] warn: Localization 1036 was not found for conf remote code execution auto_prepend_file
[30/03/2025 20:37:29] warn: Localization 1036 was not found for conf remote code execution enable_dl
[30/03/2025 20:37:29] warn: Localization 1036 was not found for conf remote code execution php_value
[30/03/2025 20:37:29] warn: Localization 1036 was not found for conf remote command execution disable_functions
[30/03/2025 20:37:29] warn: Localization 1036 was not found for conf remote command execution http-method
[30/03/2025 20:37:29] warn: Localization 1036 was not found for conf remote command execution loadmodule cgi_module
[30/03/2025 20:37:29] warn: Localization 1036 was not found for conf remote file inclusion allow_url_fopen
[30/03/2025 20:37:29] warn: Localization 1036 was not found for conf remote file inclusion allow_url_include
[30/03/2025 20:37:29] warn: Localization 1036 was not found for conf remote file inclusion cgi.fix_pathinfo
[30/03/2025 20:37:29] warn: Localization 1036 was not found for conf response splitting enableheaderchecking
[30/03/2025 20:37:29] warn: Localization 1036 was not found for conf response splitting useunsafeheaderparsing
[30/03/2025 20:37:29] warn: Localization 1036 was not found for conf session hijacking log_errors
[30/03/2025 20:37:29] warn: Localization 1036 was not found for conf session hijacking session.cookie_lifetime
[30/03/2025 20:37:29] warn: Localization 1036 was not found for conf session hijacking session.cookie_secure
[30/03/2025 20:37:29] warn: Localization 1036 was not found for conf session hijacking session.referer_check
[30/03/2025 20:37:29] warn: Localization 1036 was not found for conf session hijacking session.save_path
[30/03/2025 20:37:29] warn: Localization 1036 was not found for conf session hijacking session.use_cookies
[30/03/2025 20:37:29] warn: Localization 1036 was not found for conf session hijacking session.use_only_cookies
[30/03/2025 20:37:29] warn: Localization 1036 was not found for conf session hijacking session.use_strict_mode
[30/03/2025 20:37:29] warn: Localization 1036 was not found for conf session hijacking ssl
[30/03/2025 20:37:29] warn: Localization 1036 was not found for conf session hijacking ssl_certificate
[30/03/2025 20:37:29] warn: Localization 1036 was not found for conf session hijacking ssl_certificate_key
[30/03/2025 20:37:29] warn: Localization 1036 was not found for conf session hijacking ssl_ciphers
[30/03/2025 20:37:29] warn: Localization 1036 was not found for conf session hijacking ssl_dhparam
[30/03/2025 20:37:29] warn: Localization 1036 was not found for conf session hijacking ssl_prefer_server_ciphers
[30/03/2025 20:37:29] warn: Localization 1036 was not found for conf session hijacking ssl_protocols
[30/03/2025 20:37:29] warn: Localization 1036 was not found for conf session hijacking ssl_session_cache
[30/03/2025 20:37:29] warn: Localization 1036 was not found for conf session hijacking ssl_session_timeout
[30/03/2025 20:37:29] warn: Localization 1036 was not found for conf session hijacking ssl_stapling
[30/03/2025 20:37:29] warn: Localization 1036 was not found for conf session hijacking tracking-mode
[30/03/2025 20:37:29] warn: Localization 1036 was not found for conf sql injection magic_quotes_gpc
[30/03/2025 20:37:29] warn: Localization 1036 was not found for conf sql injection magic_quotes_runtime
[30/03/2025 20:37:29] warn: Localization 1036 was not found for conf sql injection magic_quotes_sybase
[30/03/2025 20:37:29] warn: Localization 1036 was not found for domain.xml @audit-enabled
[30/03/2025 20:37:29] warn: Localization 1036 was not found for domain.xml @port
[30/03/2025 20:37:29] warn: Localization 1036 was not found for domain.xml @value
[30/03/2025 20:37:29] warn: Localization 1036 was not found for domain.xml @xpowered-by
[30/03/2025 20:37:29] warn: Localization 1036 was not found for domain.xml jvm-options
[30/03/2025 20:37:29] warn: Localization 1036 was not found for ios_info.plist cfbundleurltypes
[30/03/2025 20:37:29] warn: Localization 1036 was not found for ios_info.plist nsexceptionallowsinsecurehttploads
[30/03/2025 20:37:29] warn: Localization 1036 was not found for ios_info.plist nsexceptionminimumtlsversion
[30/03/2025 20:37:29] warn: Localization 1036 was not found for ios_info.plist nstemporarythirdpartyexceptionallowsinsecurehttploads
[30/03/2025 20:37:29] warn: Localization 1036 was not found for ios_info.plist nstemporarythirdpartyexceptionminimumtlsversion
[30/03/2025 20:37:29] warn: Localization 1036 was not found for lighttpd.conf cgi.assign
[30/03/2025 20:37:29] warn: Localization 1036 was not found for lighttpd.conf server.dir-listing
[30/03/2025 20:37:29] warn: Localization 1036 was not found for lighttpd.conf setenv.add-response-header
[30/03/2025 20:37:29] warn: Localization 1036 was not found for lighttpd.conf status.config-url
[30/03/2025 20:37:29] warn: Localization 1036 was not found for lighttpd.conf status.status-url
[30/03/2025 20:37:29] warn: Localization 1036 was not found for lighttpd.conf webdav.is-readonly
[30/03/2025 20:37:29] warn: Localization 1036 was not found for machine.config @debug
[30/03/2025 20:37:29] warn: Localization 1036 was not found for machine.config @decryption
[30/03/2025 20:37:29] warn: Localization 1036 was not found for machine.config @decryptionkey
[30/03/2025 20:37:29] warn: Localization 1036 was not found for machine.config @passwordformat
[30/03/2025 20:37:29] warn: Localization 1036 was not found for machine.config @retail
[30/03/2025 20:37:29] warn: Localization 1036 was not found for machine.config @username[@processmodel]
[30/03/2025 20:37:29] warn: Localization 1036 was not found for machine.config @validation
[30/03/2025 20:37:29] warn: Localization 1036 was not found for machine.config @validationkey
[30/03/2025 20:37:29] warn: Localization 1036 was not found for nginx.conf add_header
[30/03/2025 20:37:29] warn: Localization 1036 was not found for nginx.conf add_header[inheritance]
[30/03/2025 20:37:29] warn: Localization 1036 was not found for nginx.conf alias[traversal]
[30/03/2025 20:37:29] warn: Localization 1036 was not found for nginx.conf autoindex
[30/03/2025 20:37:29] warn: Localization 1036 was not found for nginx.conf error_log
[30/03/2025 20:37:29] warn: Localization 1036 was not found for nginx.conf error_page
[30/03/2025 20:37:29] warn: Localization 1036 was not found for nginx.conf more_set_headers
[30/03/2025 20:37:29] warn: Localization 1036 was not found for nginx.conf proxy_set_header
[30/03/2025 20:37:29] warn: Localization 1036 was not found for nginx.conf server_tokens
[30/03/2025 20:37:29] warn: Localization 1036 was not found for nginx.conf ssi
[30/03/2025 20:37:29] warn: Localization 1036 was not found for nginx.conf ssl
[30/03/2025 20:37:29] warn: Localization 1036 was not found for nginx.conf ssl_certificate
[30/03/2025 20:37:29] warn: Localization 1036 was not found for nginx.conf ssl_certificate_key
[30/03/2025 20:37:29] warn: Localization 1036 was not found for nginx.conf ssl_ciphers
[30/03/2025 20:37:29] warn: Localization 1036 was not found for nginx.conf ssl_dhparam
[30/03/2025 20:37:29] warn: Localization 1036 was not found for nginx.conf ssl_prefer_server_ciphers
[30/03/2025 20:37:29] warn: Localization 1036 was not found for nginx.conf ssl_protocols
[30/03/2025 20:37:29] warn: Localization 1036 was not found for nginx.conf ssl_session_cache
[30/03/2025 20:37:29] warn: Localization 1036 was not found for nginx.conf ssl_session_timeout
[30/03/2025 20:37:29] warn: Localization 1036 was not found for nginx.conf ssl_stapling
[30/03/2025 20:37:29] warn: Localization 1036 was not found for nginx.conf valid_referers
[30/03/2025 20:37:29] warn: Localization 1036 was not found for php.ini allow_url_fopen
[30/03/2025 20:37:29] warn: Localization 1036 was not found for php.ini allow_url_include
[30/03/2025 20:37:29] warn: Localization 1036 was not found for php.ini assert.active
[30/03/2025 20:37:29] warn: Localization 1036 was not found for php.ini auto_append_file
[30/03/2025 20:37:29] warn: Localization 1036 was not found for php.ini auto_prepend_file
[30/03/2025 20:37:29] warn: Localization 1036 was not found for php.ini cgi.fix_pathinfo
[30/03/2025 20:37:29] warn: Localization 1036 was not found for php.ini cgi.force_redirect
[30/03/2025 20:37:29] warn: Localization 1036 was not found for php.ini disable_functions
[30/03/2025 20:37:29] warn: Localization 1036 was not found for php.ini display_errors
[30/03/2025 20:37:29] warn: Localization 1036 was not found for php.ini display_startup_errors
[30/03/2025 20:37:29] warn: Localization 1036 was not found for php.ini enable_dl
[30/03/2025 20:37:29] warn: Localization 1036 was not found for php.ini expose_php
[30/03/2025 20:37:29] warn: Localization 1036 was not found for php.ini log_errors
[30/03/2025 20:37:29] warn: Localization 1036 was not found for php.ini magic_quotes_gpc
[30/03/2025 20:37:29] warn: Localization 1036 was not found for php.ini magic_quotes_runtime
[30/03/2025 20:37:29] warn: Localization 1036 was not found for php.ini magic_quotes_sybase
[30/03/2025 20:37:29] warn: Localization 1036 was not found for php.ini max_execution_time
[30/03/2025 20:37:29] warn: Localization 1036 was not found for php.ini max_input_nesting_level
[30/03/2025 20:37:29] warn: Localization 1036 was not found for php.ini max_input_time
[30/03/2025 20:37:29] warn: Localization 1036 was not found for php.ini memory_limit
[30/03/2025 20:37:29] warn: Localization 1036 was not found for php.ini open_basedir
[30/03/2025 20:37:29] warn: Localization 1036 was not found for php.ini post_max_size
[30/03/2025 20:37:29] warn: Localization 1036 was not found for php.ini register_globals
[30/03/2025 20:37:29] warn: Localization 1036 was not found for php.ini request_order
[30/03/2025 20:37:29] warn: Localization 1036 was not found for php.ini safe_mode
[30/03/2025 20:37:29] warn: Localization 1036 was not found for php.ini session.cookie_httponly
[30/03/2025 20:37:29] warn: Localization 1036 was not found for php.ini session.cookie_lifetime
[30/03/2025 20:37:29] warn: Localization 1036 was not found for php.ini session.cookie_secure
[30/03/2025 20:37:29] warn: Localization 1036 was not found for php.ini session.save_path
[30/03/2025 20:37:29] warn: Localization 1036 was not found for php.ini session.use_cookies
[30/03/2025 20:37:29] warn: Localization 1036 was not found for php.ini session.use_only_cookies
[30/03/2025 20:37:29] warn: Localization 1036 was not found for php.ini session.use_strict_mode
[30/03/2025 20:37:29] warn: Localization 1036 was not found for php.ini session.use_trans_sid
[30/03/2025 20:37:29] warn: Localization 1036 was not found for php.ini upload_max_filesize
[30/03/2025 20:37:29] warn: Localization 1036 was not found for potential vulnerability
[30/03/2025 20:37:29] warn: Localization 1036 was not found for server.xml_tomcat @allowtrace
[30/03/2025 20:37:29] warn: Localization 1036 was not found for server.xml_tomcat @autodeploy
[30/03/2025 20:37:29] warn: Localization 1036 was not found for server.xml_tomcat @clientauth
[30/03/2025 20:37:29] warn: Localization 1036 was not found for server.xml_tomcat @connectiontimeout
[30/03/2025 20:37:29] warn: Localization 1036 was not found for server.xml_tomcat @deployonstartup
[30/03/2025 20:37:29] warn: Localization 1036 was not found for server.xml_tomcat @maxhttpheadersize
[30/03/2025 20:37:29] warn: Localization 1036 was not found for server.xml_tomcat @secure
[30/03/2025 20:37:29] warn: Localization 1036 was not found for server.xml_tomcat @shutdown
[30/03/2025 20:37:29] warn: Localization 1036 was not found for server.xml_tomcat @xpoweredby
[30/03/2025 20:37:29] warn: Localization 1036 was not found for server.xml_websphere @allowlogoutpageredirecttoanyhost
[30/03/2025 20:37:29] warn: Localization 1036 was not found for server.xml_websphere @displayauthenticationrealm
[30/03/2025 20:37:29] warn: Localization 1036 was not found for server.xml_websphere @preservefullyqualifiedreferrerurl
[30/03/2025 20:37:29] warn: Localization 1036 was not found for standalone.xml @default-user
[30/03/2025 20:37:29] warn: Localization 1036 was not found for standalone.xml @display-source-fragment
[30/03/2025 20:37:29] warn: Localization 1036 was not found for standalone.xml @scan-interval
[30/03/2025 20:37:29] warn: Localization 1036 was not found for standalone.xml @value
[30/03/2025 20:37:29] warn: Localization 1036 was not found for standalone.xml @x-powered-by
[30/03/2025 20:37:29] warn: Localization 1036 was not found for web.config @allowoverride
[30/03/2025 20:37:29] warn: Localization 1036 was not found for web.config @cacherolesincookie
[30/03/2025 20:37:29] warn: Localization 1036 was not found for web.config @certificatevalidationmode
[30/03/2025 20:37:29] warn: Localization 1036 was not found for web.config @connectionprotection
[30/03/2025 20:37:29] warn: Localization 1036 was not found for web.config @cookieless
[30/03/2025 20:37:29] warn: Localization 1036 was not found for web.config @cookieprotection
[30/03/2025 20:37:29] warn: Localization 1036 was not found for web.config @cookierequiressl
[30/03/2025 20:37:29] warn: Localization 1036 was not found for web.config @cookieslidingexpiration
[30/03/2025 20:37:29] warn: Localization 1036 was not found for web.config @cookietimeout
[30/03/2025 20:37:29] warn: Localization 1036 was not found for web.config @createpersistentcookie
[30/03/2025 20:37:29] warn: Localization 1036 was not found for web.config @debug
[30/03/2025 20:37:29] warn: Localization 1036 was not found for web.config @decryptionkey
[30/03/2025 20:37:29] warn: Localization 1036 was not found for web.config @enablecrossappredirects
[30/03/2025 20:37:29] warn: Localization 1036 was not found for web.config @enabled
[30/03/2025 20:37:29] warn: Localization 1036 was not found for web.config @enabled[directorybrowse]
[30/03/2025 20:37:29] warn: Localization 1036 was not found for web.config @enableeventvalidation
[30/03/2025 20:37:29] warn: Localization 1036 was not found for web.config @enableheaderchecking
[30/03/2025 20:37:29] warn: Localization 1036 was not found for web.config @enableversionheader
[30/03/2025 20:37:29] warn: Localization 1036 was not found for web.config @enableviewstatemac
[30/03/2025 20:37:29] warn: Localization 1036 was not found for web.config @httponlycookies
[30/03/2025 20:37:29] warn: Localization 1036 was not found for web.config @level
[30/03/2025 20:37:29] warn: Localization 1036 was not found for web.config @maxeventdetaillength
[30/03/2025 20:37:29] warn: Localization 1036 was not found for web.config @maxeventlengthforsimplemessage
[30/03/2025 20:37:29] warn: Localization 1036 was not found for web.config @maxrequestlength
[30/03/2025 20:37:29] warn: Localization 1036 was not found for web.config @maxsizeforsimplemessage
[30/03/2025 20:37:29] warn: Localization 1036 was not found for web.config @minrequirednonalphanumericcharacters
[30/03/2025 20:37:29] warn: Localization 1036 was not found for web.config @minrequiredpasswordlength
[30/03/2025 20:37:29] warn: Localization 1036 was not found for web.config @mode
[30/03/2025 20:37:29] warn: Localization 1036 was not found for web.config @name[@credentials]
[30/03/2025 20:37:29] warn: Localization 1036 was not found for web.config @passwordformat
[30/03/2025 20:37:29] warn: Localization 1036 was not found for web.config @protection
[30/03/2025 20:37:29] warn: Localization 1036 was not found for web.config @requestvalidationmode
[30/03/2025 20:37:29] warn: Localization 1036 was not found for web.config @requiressl
[30/03/2025 20:37:29] warn: Localization 1036 was not found for web.config @requiressl[@authentication]
[30/03/2025 20:37:29] warn: Localization 1036 was not found for web.config @slidingexpiration
[30/03/2025 20:37:29] warn: Localization 1036 was not found for web.config @statuscode
[30/03/2025 20:37:29] warn: Localization 1036 was not found for web.config @timeout
[30/03/2025 20:37:29] warn: Localization 1036 was not found for web.config @type
[30/03/2025 20:37:29] warn: Localization 1036 was not found for web.config @username[@identity]
[30/03/2025 20:37:29] warn: Localization 1036 was not found for web.config @users
[30/03/2025 20:37:29] warn: Localization 1036 was not found for web.config @useunsafeheaderparsing
[30/03/2025 20:37:29] warn: Localization 1036 was not found for web.config @validaterequest
[30/03/2025 20:37:29] warn: Localization 1036 was not found for web.config @validation
[30/03/2025 20:37:29] warn: Localization 1036 was not found for web.config @validationkey
[30/03/2025 20:37:29] warn: Localization 1036 was not found for web.config @value
[30/03/2025 20:37:29] warn: Localization 1036 was not found for web.config @value[@accesscontrolalloworiginheader]
[30/03/2025 20:37:29] warn: Localization 1036 was not found for web.config @value[@aspnetcore_environment]
[30/03/2025 20:37:29] warn: Localization 1036 was not found for web.config @value[uselegacyencryption]
[30/03/2025 20:37:29] warn: Localization 1036 was not found for web.config @value[x-frame-options]
[30/03/2025 20:37:29] warn: Localization 1036 was not found for web.config @viewstateencryptionmode
[30/03/2025 20:37:29] warn: Localization 1036 was not found for web.config ciphervalue[@sessionstate]
[30/03/2025 20:37:29] warn: Localization 1036 was not found for web.config remove/@name[documentation]
[30/03/2025 20:37:29] warn: Localization 1036 was not found for web.config remove/@name[x-powered-by]
[30/03/2025 20:37:29] warn: Localization 1036 was not found for web.xml error-code
[30/03/2025 20:37:29] warn: Localization 1036 was not found for web.xml http-method
[30/03/2025 20:37:29] warn: Localization 1036 was not found for web.xml http-only
[30/03/2025 20:37:29] warn: Localization 1036 was not found for web.xml param-value
[30/03/2025 20:37:29] warn: Localization 1036 was not found for web.xml secure
[30/03/2025 20:37:29] warn: Localization 1036 was not found for web.xml session-timeout
[30/03/2025 20:37:29] warn: Localization 1036 was not found for web.xml tracking-mode
[30/03/2025 20:37:29] warn: Localization 1036 was not found for web.xml transport-guarantee
[30/03/2025 20:37:29] info: Clean up logs files was started
[30/03/2025 20:37:29] info: Clean up logs files was finished
[30/03/2025 20:37:32] info: Project was created. Id: 042c413a-98db-44d5-bb7c-b1e5af607d69
